Jul-11 11:02:24.663 [main] DEBUG nextflow.cli.Launcher - $> nextflow run main.nf
Jul-11 11:02:24.702 [main] DEBUG nextflow.cli.CmdRun - N E X T F L O W  ~  version 25.04.6
Jul-11 11:02:24.715 [main] DEBUG nextflow.plugin.PluginsFacade - Setting up plugin manager > mode=prod; embedded=false; plugins-dir=/Users/marlajeckstiess/.nextflow/plugins; core-plugins: nf-amazon@2.15.0,nf-azure@1.16.0,nf-cloudcache@0.4.3,nf-codecommit@0.2.3,nf-console@1.2.1,nf-google@1.21.1,nf-k8s@1.0.0,nf-tower@1.11.4,nf-wave@1.12.1
Jul-11 11:02:24.732 [main] INFO  o.pf4j.DefaultPluginStatusProvider - Enabled plugins: []
Jul-11 11:02:24.732 [main] INFO  o.pf4j.DefaultPluginStatusProvider - Disabled plugins: []
Jul-11 11:02:24.734 [main] INFO  org.pf4j.DefaultPluginManager - PF4J version 3.12.0 in 'deployment' mode
Jul-11 11:02:24.739 [main] INFO  org.pf4j.AbstractPluginManager - No plugins
Jul-11 11:02:24.749 [main] DEBUG nextflow.config.ConfigBuilder - Found config local: /Users/marlajeckstiess/Documents/ABI/Module_5/NGS/Exam/nextflow.config
Jul-11 11:02:24.751 [main] DEBUG nextflow.config.ConfigBuilder - Parsing config file: /Users/marlajeckstiess/Documents/ABI/Module_5/NGS/Exam/nextflow.config
Jul-11 11:02:24.768 [main] DEBUG n.secret.LocalSecretsProvider - Secrets store: /Users/marlajeckstiess/.nextflow/secrets/store.json
Jul-11 11:02:24.770 [main] DEBUG nextflow.secret.SecretsLoader - Discovered secrets providers: [nextflow.secret.LocalSecretsProvider@2cfbeac4] - activable => nextflow.secret.LocalSecretsProvider@2cfbeac4
Jul-11 11:02:24.772 [main] DEBUG nextflow.config.ConfigBuilder - Applying config profile: `standard`
Jul-11 11:02:24.962 [main] DEBUG nextflow.cli.CmdRun - Applied DSL=2 by global default
Jul-11 11:02:24.969 [main] DEBUG nextflow.cli.CmdRun - Launching `main.nf` [modest_joliot] DSL2 - revision: d32149cc97
Jul-11 11:02:24.970 [main] DEBUG nextflow.plugin.PluginsFacade - Plugins default=[]
Jul-11 11:02:24.970 [main] DEBUG nextflow.plugin.PluginsFacade - Plugins resolved requirement=[]
Jul-11 11:02:24.998 [main] DEBUG nextflow.Session - Session UUID: d0632065-5210-4e23-b9ab-d7d12fa4fe0f
Jul-11 11:02:24.999 [main] DEBUG nextflow.Session - Run name: modest_joliot
Jul-11 11:02:24.999 [main] DEBUG nextflow.Session - Executor pool size: 8
Jul-11 11:02:25.002 [main] DEBUG nextflow.file.FilePorter - File porter settings maxRetries=3; maxTransfers=50; pollTimeout=null
Jul-11 11:02:25.004 [main] DEBUG nextflow.util.ThreadPoolBuilder - Creating thread pool 'FileTransfer' minSize=10; maxSize=24; workQueue=LinkedBlockingQueue[-1]; allowCoreThreadTimeout=false
Jul-11 11:02:25.015 [main] DEBUG nextflow.cli.CmdRun - 
  Version: 25.04.6 build 5954
  Created: 01-07-2025 11:27 UTC (13:27 CEST)
  System: Mac OS X 15.5
  Runtime: Groovy 4.0.26 on OpenJDK 64-Bit Server VM 23.0.2+7
  Encoding: UTF-8 (UTF-8)
  Process: 61940@Marlas-MacBook-Air.local [127.0.0.1]
  CPUs: 8 - Mem: 16 GB (89.2 MB) - Swap: 6 GB (774.7 MB)
Jul-11 11:02:25.021 [main] DEBUG nextflow.Session - Work-dir: /Users/marlajeckstiess/Documents/ABI/Module_5/NGS/Exam/work [Mac OS X]
Jul-11 11:02:25.021 [main] DEBUG nextflow.Session - Script base path does not exist or is not a directory: /Users/marlajeckstiess/Documents/ABI/Module_5/NGS/Exam/bin
Jul-11 11:02:25.025 [main] DEBUG nextflow.executor.ExecutorFactory - Extension executors providers=[]
Jul-11 11:02:25.029 [main] DEBUG nextflow.Session - Observer factory: DefaultObserverFactory
Jul-11 11:02:25.031 [main] DEBUG nextflow.Session - Observer factory (v2): LinObserverFactory
Jul-11 11:02:25.040 [main] DEBUG nextflow.cache.CacheFactory - Using Nextflow cache factory: nextflow.cache.DefaultCacheFactory
Jul-11 11:02:25.044 [main] DEBUG nextflow.util.CustomThreadPool - Creating default thread pool > poolSize: 9; maxThreads: 1000
Jul-11 11:02:25.072 [main] DEBUG nextflow.Session - Session start
Jul-11 11:02:25.265 [main] DEBUG nextflow.script.ScriptRunner - > Launching execution
Jul-11 11:02:25.299 [main] DEBUG nextflow.executor.ExecutorFactory - << taskConfig executor: null
Jul-11 11:02:25.299 [main] DEBUG nextflow.executor.ExecutorFactory - >> processorType: 'local'
Jul-11 11:02:25.302 [main] DEBUG nextflow.executor.Executor - [warm up] executor > local
Jul-11 11:02:25.314 [main] DEBUG n.processor.LocalPollingMonitor - Creating local task monitor for executor 'local' > cpus=8; memory=16 GB; capacity=8; pollInterval=100ms; dumpInterval=5m
Jul-11 11:02:25.315 [main] DEBUG n.processor.TaskPollingMonitor - >>> barrier register (monitor: local)
Jul-11 11:02:25.324 [main] DEBUG nextflow.processor.TaskProcessor - Creating process 'download_fasta': maxForks=0; fair=false; array=0
Jul-11 11:02:25.350 [main] DEBUG nextflow.executor.ExecutorFactory - << taskConfig executor: null
Jul-11 11:02:25.350 [main] DEBUG nextflow.executor.ExecutorFactory - >> processorType: 'local'
Jul-11 11:02:25.350 [main] DEBUG nextflow.processor.TaskProcessor - Creating process 'merge_fasta': maxForks=0; fair=false; array=0
Jul-11 11:02:25.352 [main] DEBUG nextflow.executor.ExecutorFactory - << taskConfig executor: null
Jul-11 11:02:25.352 [main] DEBUG nextflow.executor.ExecutorFactory - >> processorType: 'local'
Jul-11 11:02:25.352 [main] DEBUG nextflow.processor.TaskProcessor - Creating process 'run_mafft': maxForks=0; fair=false; array=0
Jul-11 11:02:25.356 [main] DEBUG nextflow.executor.ExecutorFactory - << taskConfig executor: null
Jul-11 11:02:25.356 [main] DEBUG nextflow.executor.ExecutorFactory - >> processorType: 'local'
Jul-11 11:02:25.356 [main] DEBUG nextflow.processor.TaskProcessor - Creating process 'trim_alignment': maxForks=0; fair=false; array=0
Jul-11 11:02:25.357 [main] DEBUG nextflow.Session - Workflow process names [dsl2]: trim_alignment, download_fasta, run_mafft, merge_fasta
Jul-11 11:02:25.358 [main] DEBUG nextflow.Session - Igniting dataflow network (5)
Jul-11 11:02:25.358 [main] DEBUG nextflow.processor.TaskProcessor - Starting process > download_fasta
Jul-11 11:02:25.361 [main] DEBUG nextflow.processor.TaskProcessor - Starting process > merge_fasta
Jul-11 11:02:25.362 [main] DEBUG nextflow.processor.TaskProcessor - Starting process > run_mafft
Jul-11 11:02:25.362 [main] DEBUG nextflow.processor.TaskProcessor - Starting process > trim_alignment
Jul-11 11:02:25.363 [main] DEBUG nextflow.script.ScriptRunner - Parsed script files:
  Script_e4385557c08daa89: /Users/marlajeckstiess/Documents/ABI/Module_5/NGS/Exam/main.nf
Jul-11 11:02:25.363 [main] DEBUG nextflow.script.ScriptRunner - > Awaiting termination 
Jul-11 11:02:25.363 [main] DEBUG nextflow.Session - Session await
Jul-11 11:02:25.389 [Actor Thread 9] DEBUG nextflow.conda.CondaCache - conda found local env for environment=bioconda::entrez-direct=24.0; path=/Users/marlajeckstiess/Documents/ABI/Module_5/NGS/Exam/conda/env-d4a549ab39acddb753524a98395a0550
Jul-11 11:02:25.426 [Task submitter] DEBUG n.executor.local.LocalTaskHandler - Launch cmd line: /bin/bash -ue .command.run
Jul-11 11:02:25.427 [Task submitter] INFO  nextflow.Session - [b0/5d533a] Submitted process > download_fasta
Jul-11 11:02:25.432 [Task submitter] DEBUG n.executor.local.LocalTaskHandler - Launch cmd line: /bin/bash -ue .command.run
Jul-11 11:02:25.433 [Task submitter] INFO  nextflow.Session - [e2/d3d7a9] Submitted process > merge_fasta (1)
Jul-11 11:02:25.456 [Task monitor] DEBUG n.processor.TaskPollingMonitor - Task completed > TaskHandler[id: 2; name: merge_fasta (1); status: COMPLETED; exit: 0; error: -; workDir: /Users/marlajeckstiess/Documents/ABI/Module_5/NGS/Exam/work/e2/d3d7a9806cf223b270ba55c528ae3a]
Jul-11 11:02:25.456 [Task monitor] DEBUG nextflow.util.ThreadPoolBuilder - Creating thread pool 'TaskFinalizer' minSize=10; maxSize=24; workQueue=LinkedBlockingQueue[-1]; allowCoreThreadTimeout=false
Jul-11 11:02:25.471 [Actor Thread 3] INFO  nextflow.conda.CondaCache - Creating env using conda: conda-forge::mafft=7.526 [cache /Users/marlajeckstiess/Documents/ABI/Module_5/NGS/Exam/conda/env-efe685fee99dfa643a2479a8066d6b95]
Jul-11 11:02:28.740 [Task monitor] DEBUG n.processor.TaskPollingMonitor - Task completed > TaskHandler[id: 1; name: download_fasta; status: COMPLETED; exit: 0; error: -; workDir: /Users/marlajeckstiess/Documents/ABI/Module_5/NGS/Exam/work/b0/5d533a460ab823fe194fbca43c3d50]
Jul-11 11:02:34.589 [Actor Thread 3] DEBUG nextflow.conda.CondaCache - 'conda' create complete env=conda-forge::mafft=7.526 path=/Users/marlajeckstiess/Documents/ABI/Module_5/NGS/Exam/conda/env-efe685fee99dfa643a2479a8066d6b95
Jul-11 11:02:34.593 [Task submitter] DEBUG n.executor.local.LocalTaskHandler - Launch cmd line: /bin/bash -ue .command.run
Jul-11 11:02:34.594 [Task submitter] INFO  nextflow.Session - [0a/38a8af] Submitted process > run_mafft (1)
Jul-11 11:02:37.353 [Task monitor] DEBUG n.processor.TaskPollingMonitor - Task completed > TaskHandler[id: 3; name: run_mafft (1); status: COMPLETED; exit: 0; error: -; workDir: /Users/marlajeckstiess/Documents/ABI/Module_5/NGS/Exam/work/0a/38a8af9c44741c22467bb515946ecc]
Jul-11 11:02:37.367 [Actor Thread 1] INFO  nextflow.conda.CondaCache - Creating env using conda: bioconda::trimal=1.5.0 [cache /Users/marlajeckstiess/Documents/ABI/Module_5/NGS/Exam/conda/env-5c3d2eddcda9f477b9ef8bcac93605c2]
Jul-11 11:02:40.734 [Actor Thread 1] DEBUG nextflow.conda.CondaCache - 'conda' create complete env=bioconda::trimal=1.5.0 path=/Users/marlajeckstiess/Documents/ABI/Module_5/NGS/Exam/conda/env-5c3d2eddcda9f477b9ef8bcac93605c2
Jul-11 11:02:40.745 [Task submitter] DEBUG n.executor.local.LocalTaskHandler - Launch cmd line: /bin/bash -ue .command.run
Jul-11 11:02:40.745 [Task submitter] INFO  nextflow.Session - [9d/f00615] Submitted process > trim_alignment (1)
Jul-11 11:02:41.701 [Task monitor] DEBUG n.processor.TaskPollingMonitor - Task completed > TaskHandler[id: 4; name: trim_alignment (1); status: COMPLETED; exit: 0; error: -; workDir: /Users/marlajeckstiess/Documents/ABI/Module_5/NGS/Exam/work/9d/f0061508014653efee2d74d103dcb7]
Jul-11 11:02:41.721 [TaskFinalizer-4] DEBUG nextflow.util.ThreadPoolBuilder - Creating thread pool 'PublishDir' minSize=10; maxSize=24; workQueue=LinkedBlockingQueue[-1]; allowCoreThreadTimeout=false
Jul-11 11:02:41.722 [main] DEBUG nextflow.Session - Session await > all processes finished
Jul-11 11:02:41.802 [Task monitor] DEBUG n.processor.TaskPollingMonitor - <<< barrier arrives (monitor: local) - terminating tasks monitor poll loop
Jul-11 11:02:41.802 [main] DEBUG nextflow.Session - Session await > all barriers passed
Jul-11 11:02:41.803 [main] DEBUG nextflow.util.ThreadPoolManager - Thread pool 'TaskFinalizer' shutdown completed (hard=false)
Jul-11 11:02:41.804 [main] DEBUG nextflow.util.ThreadPoolManager - Thread pool 'PublishDir' shutdown completed (hard=false)
Jul-11 11:02:41.809 [main] DEBUG n.trace.WorkflowStatsObserver - Workflow completed > WorkflowStats[succeededCount=4; failedCount=0; ignoredCount=0; cachedCount=0; pendingCount=0; submittedCount=0; runningCount=0; retriesCount=0; abortedCount=0; succeedDuration=6.9s; failedDuration=0ms; cachedDuration=0ms;loadCpus=0; loadMemory=0; peakRunning=2; peakCpus=2; peakMemory=0; ]
Jul-11 11:02:41.860 [main] DEBUG nextflow.cache.CacheDB - Closing CacheDB done
Jul-11 11:02:41.868 [main] DEBUG nextflow.util.ThreadPoolManager - Thread pool 'FileTransfer' shutdown completed (hard=false)
Jul-11 11:02:41.868 [main] DEBUG nextflow.script.ScriptRunner - > Execution complete -- Goodbye
